<?xml version="1.0" encoding="UTF-8"?>
<!-- Generated by org.testng.reporters.JUnitReportReporter -->
<testsuite skipped="0" hostname="manishamishra" name="scenarios.TestCase" tests="1" failures="0" timestamp="09 Dec 2020 14:03:07 GMT" time="33.407" errors="0">
  <testcase name="testCase" time="33.407" classname="scenarios.TestCase"/>
</testsuite> <!-- scenarios.TestCase -->
